<?xml version="1.0" encoding="UTF-8"?>
<testng-results ignored="0" total="1" passed="1" failed="0" skipped="0">
  <reporter-output>
  </reporter-output>
  <suite started-at="2023-10-24T00:30:34 EET" name="Default suite" finished-at="2023-10-24T00:30:38 EET" duration-ms="4688">
    <groups>
    </groups>
    <test started-at="2023-10-24T00:30:34 EET" name="Default test" finished-at="2023-10-24T00:30:38 EET" duration-ms="4688">
      <class name="project_2.project_2">
        <test-method is-config="true" signature="myTest()[pri:0, instance:project_2.project_2@5ffead27]" started-at="2023-10-24T00:30:34 EET" name="myTest" finished-at="2023-10-24T00:30:38 EET" duration-ms="4641" status="PASS">
          <reporter-output>
          </reporter-output>
        </test-method> <!-- myTest -->
        <test-method signature="mySetup()[pri:0, instance:project_2.project_2@5ffead27]" started-at="2023-10-24T00:30:38 EET" name="mySetup" finished-at="2023-10-24T00:30:38 EET" duration-ms="7" status="PASS">
          <reporter-output>
          </reporter-output>
        </test-method> <!-- mySetup -->
        <test-method is-config="true" signature="myAfter()[pri:0, instance:project_2.project_2@5ffead27]" started-at="2023-10-24T00:30:38 EET" name="myAfter" finished-at="2023-10-24T00:30:38 EET" duration-ms="1" status="PASS">
          <reporter-output>
          </reporter-output>
        </test-method> <!-- myAfter -->
      </class> <!-- project_2.project_2 -->
    </test> <!-- Default test -->
  </suite> <!-- Default suite -->
</testng-results>
